{
  "stats": {
    "suites": 1,
    "tests": 1,
    "passes": 1,
    "pending": 0,
    "failures": 0,
    "start": "2024-07-24T18:54:07.666Z",
    "end": "2024-07-24T18:54:31.885Z",
    "duration": 24219,
    "testsRegistered": 1,
    "passPercent": 100,
    "pendingPercent": 0,
    "other": 0,
    "hasOther": false,
    "skipped": 0,
    "hasSkipped": false
  },
  "results": [
    {
      "uuid": "351c7e46-bceb-492d-9f38-edc35b7a9d4c",
      "title": "",
      "fullFile": "cypress\\e2e\\08_FileEdition.cy.js",
      "file": "cypress\\e2e\\08_FileEdition.cy.js",
      "beforeHooks": [],
      "afterHooks": [],
      "tests": [],
      "suites": [
        {
          "uuid": "d4c1cda3-b04e-4ab4-af95-1fddd3e4f1e5",
          "title": "Edit and check File Information",
          "fullFile": "",
          "file": "",
          "beforeHooks": [],
          "afterHooks": [],
          "tests": [
            {
              "title": "Edit and check File Info",
              "fullTitle": "Edit and check File Information Edit and check File Info",
              "timedOut": null,
              "duration": 24161,
              "state": "passed",
              "speed": "slow",
              "pass": true,
              "fail": false,
              "pending": false,
              "context": null,
              "code": "//let string = cy.get('[target]').innerText()\n//let ext = string.substring(string.indexOf(\".\") + 1)\nclientDetails.openFileDetail();\nlet newName = clientDetails.editFile('New Name');\nclientDetails.openFileDetail();\nclientDetails.assertFileName(newName);\nclientDetails.closeFileModal();\n//clientDetails.assertFileNameInList(newName)",
              "err": {},
              "uuid": "f3676d35-9e7b-49f6-a1f9-2079bd3e7edc",
              "parentUUID": "d4c1cda3-b04e-4ab4-af95-1fddd3e4f1e5",
              "isHook": false,
              "skipped": false
            }
          ],
          "suites": [],
          "passes": [
            "f3676d35-9e7b-49f6-a1f9-2079bd3e7edc"
          ],
          "failures": [],
          "pending": [],
          "skipped": [],
          "duration": 24161,
          "root": false,
          "rootEmpty": false,
          "_timeout": 2000
        }
      ],
      "passes": [],
      "failures": [],
      "pending": [],
      "skipped": [],
      "duration": 0,
      "root": true,
      "rootEmpty": true,
      "_timeout": 2000
    }
  ],
  "meta": {
    "mocha": {
      "version": "7.0.1"
    },
    "mochawesome": {
      "options": {
        "quiet": false,
        "reportFilename": "mochawesome",
        "saveHtml": false,
        "saveJson": true,
        "consoleReporter": "spec",
        "useInlineDiffs": false,
        "code": true
      },
      "version": "7.1.3"
    },
    "marge": {
      "options": {
        "id": "default",
        "reportDir": "cypress/results/mochawesome",
        "quite": true,
        "overwrite": false,
        "html": false,
        "json": true
      },
      "version": "6.2.0"
    }
  }
}