{
  "stats": {
    "suites": 1,
    "tests": 2,
    "passes": 2,
    "pending": 0,
    "failures": 0,
    "start": "2024-07-24T18:51:26.954Z",
    "end": "2024-07-24T18:52:12.979Z",
    "duration": 46025,
    "testsRegistered": 2,
    "passPercent": 100,
    "pendingPercent": 0,
    "other": 0,
    "hasOther": false,
    "skipped": 0,
    "hasSkipped": false
  },
  "results": [
    {
      "uuid": "6162fc9b-7d86-44c3-82d8-38c10ba65c8b",
      "title": "",
      "fullFile": "cypress\\e2e\\05_ChatMessages.cy.js",
      "file": "cypress\\e2e\\05_ChatMessages.cy.js",
      "beforeHooks": [],
      "afterHooks": [],
      "tests": [],
      "suites": [
        {
          "uuid": "4e8ba5f3-0800-4ca9-bd76-de8876dc5de0",
          "title": "Chat Messages",
          "fullFile": "",
          "file": "",
          "beforeHooks": [],
          "afterHooks": [],
          "tests": [
            {
              "title": "Send Chat Messages",
              "fullTitle": "Chat Messages Send Chat Messages",
              "timedOut": null,
              "duration": 25385,
              "state": "passed",
              "speed": "slow",
              "pass": true,
              "fail": false,
              "pending": false,
              "context": null,
              "code": "clientDetails.submitMessage(message1);\ncy.wait(2000);\nclientDetails.assertChatMessages(0, message1);\nclientDetails.submitMessage(message2);\ncy.wait(2000);\nclientDetails.assertChatMessages(1, message2);\n//clientDetails.deleteMessage() --> need to solve selector",
              "err": {},
              "uuid": "0fadaa9c-f343-4e11-b667-7e672ede8dff",
              "parentUUID": "4e8ba5f3-0800-4ca9-bd76-de8876dc5de0",
              "isHook": false,
              "skipped": false
            },
            {
              "title": "Check chat messages again",
              "fullTitle": "Chat Messages Check chat messages again",
              "timedOut": null,
              "duration": 20459,
              "state": "passed",
              "speed": "slow",
              "pass": true,
              "fail": false,
              "pending": false,
              "context": null,
              "code": "clientDetails.assertChatMessages(0, message1);\nclientDetails.assertChatMessages(1, message2);",
              "err": {},
              "uuid": "61218c1a-23b1-49d8-bacf-ba2fd64472bf",
              "parentUUID": "4e8ba5f3-0800-4ca9-bd76-de8876dc5de0",
              "isHook": false,
              "skipped": false
            }
          ],
          "suites": [],
          "passes": [
            "0fadaa9c-f343-4e11-b667-7e672ede8dff",
            "61218c1a-23b1-49d8-bacf-ba2fd64472bf"
          ],
          "failures": [],
          "pending": [],
          "skipped": [],
          "duration": 45844,
          "root": false,
          "rootEmpty": false,
          "_timeout": 2000
        }
      ],
      "passes": [],
      "failures": [],
      "pending": [],
      "skipped": [],
      "duration": 0,
      "root": true,
      "rootEmpty": true,
      "_timeout": 2000
    }
  ],
  "meta": {
    "mocha": {
      "version": "7.0.1"
    },
    "mochawesome": {
      "options": {
        "quiet": false,
        "reportFilename": "mochawesome",
        "saveHtml": false,
        "saveJson": true,
        "consoleReporter": "spec",
        "useInlineDiffs": false,
        "code": true
      },
      "version": "7.1.3"
    },
    "marge": {
      "options": {
        "id": "default",
        "reportDir": "cypress/results/mochawesome",
        "quite": true,
        "overwrite": false,
        "html": false,
        "json": true
      },
      "version": "6.2.0"
    }
  }
}