{
  "stats": {
    "suites": 1,
    "tests": 1,
    "passes": 1,
    "pending": 0,
    "failures": 0,
    "start": "2024-07-24T18:53:30.781Z",
    "end": "2024-07-24T18:54:04.011Z",
    "duration": 33230,
    "testsRegistered": 1,
    "passPercent": 100,
    "pendingPercent": 0,
    "other": 0,
    "hasOther": false,
    "skipped": 0,
    "hasSkipped": false
  },
  "results": [
    {
      "uuid": "3dfc711b-5556-4017-ac31-571f13a0f7da",
      "title": "",
      "fullFile": "cypress\\e2e\\07_ClientEdition.cy.js",
      "file": "cypress\\e2e\\07_ClientEdition.cy.js",
      "beforeHooks": [],
      "afterHooks": [],
      "tests": [],
      "suites": [
        {
          "uuid": "c4b99924-91b3-48bf-aaf9-8b6dbcef04dc",
          "title": "Client Edition",
          "fullFile": "",
          "file": "",
          "beforeHooks": [],
          "afterHooks": [],
          "tests": [
            {
              "title": "Edit and check client info",
              "fullTitle": "Client Edition Edit and check client info",
              "timedOut": null,
              "duration": 33190,
              "state": "passed",
              "speed": "slow",
              "pass": true,
              "fail": false,
              "pending": false,
              "context": null,
              "code": "clientDetails.openEditModal();\nclientDetails.assertModalInfo(data);\nclientDetails.clickEditButton();\nnewUserData = createClientForm.enterClientData('edit', data);\ncy.wait(4000);\nclientDetails.assertNewClientData(newUserData);\ncy.writeFile('./cypress/fixtures/created-user-data.json', newUserData);\ncy.wait(4000);",
              "err": {},
              "uuid": "6f5eecda-1f1e-4a42-aa80-a39cd3a25367",
              "parentUUID": "c4b99924-91b3-48bf-aaf9-8b6dbcef04dc",
              "isHook": false,
              "skipped": false
            }
          ],
          "suites": [],
          "passes": [
            "6f5eecda-1f1e-4a42-aa80-a39cd3a25367"
          ],
          "failures": [],
          "pending": [],
          "skipped": [],
          "duration": 33190,
          "root": false,
          "rootEmpty": false,
          "_timeout": 2000
        }
      ],
      "passes": [],
      "failures": [],
      "pending": [],
      "skipped": [],
      "duration": 0,
      "root": true,
      "rootEmpty": true,
      "_timeout": 2000
    }
  ],
  "meta": {
    "mocha": {
      "version": "7.0.1"
    },
    "mochawesome": {
      "options": {
        "quiet": false,
        "reportFilename": "mochawesome",
        "saveHtml": false,
        "saveJson": true,
        "consoleReporter": "spec",
        "useInlineDiffs": false,
        "code": true
      },
      "version": "7.1.3"
    },
    "marge": {
      "options": {
        "id": "default",
        "reportDir": "cypress/results/mochawesome",
        "quite": true,
        "overwrite": false,
        "html": false,
        "json": true
      },
      "version": "6.2.0"
    }
  }
}