{
  "stats": {
    "suites": 1,
    "tests": 1,
    "passes": 1,
    "pending": 0,
    "failures": 0,
    "start": "2024-07-24T18:48:59.048Z",
    "end": "2024-07-24T18:49:05.604Z",
    "duration": 6556,
    "testsRegistered": 1,
    "passPercent": 100,
    "pendingPercent": 0,
    "other": 0,
    "hasOther": false,
    "skipped": 0,
    "hasSkipped": false
  },
  "results": [
    {
      "uuid": "095c3ea2-7632-4182-a236-68ec0c74d6c6",
      "title": "",
      "fullFile": "cypress\\e2e\\01_Login.cy.js",
      "file": "cypress\\e2e\\01_Login.cy.js",
      "beforeHooks": [],
      "afterHooks": [],
      "tests": [],
      "suites": [
        {
          "uuid": "034ea0d7-b606-4af7-92ea-da15509e43ab",
          "title": "Login and check logged user data",
          "fullFile": "",
          "file": "",
          "beforeHooks": [],
          "afterHooks": [],
          "tests": [
            {
              "title": "Login",
              "fullTitle": "Login and check logged user data Login",
              "timedOut": null,
              "duration": 6435,
              "state": "passed",
              "speed": "medium",
              "pass": true,
              "fail": false,
              "pending": false,
              "context": null,
              "code": "// Log in and check user data\nloginPage.login();\nloginPage.assertLoginData();",
              "err": {},
              "uuid": "1b64296b-8c00-407a-a1e7-4f3bd19a21ce",
              "parentUUID": "034ea0d7-b606-4af7-92ea-da15509e43ab",
              "isHook": false,
              "skipped": false
            }
          ],
          "suites": [],
          "passes": [
            "1b64296b-8c00-407a-a1e7-4f3bd19a21ce"
          ],
          "failures": [],
          "pending": [],
          "skipped": [],
          "duration": 6435,
          "root": false,
          "rootEmpty": false,
          "_timeout": 2000
        }
      ],
      "passes": [],
      "failures": [],
      "pending": [],
      "skipped": [],
      "duration": 0,
      "root": true,
      "rootEmpty": true,
      "_timeout": 2000
    }
  ],
  "meta": {
    "mocha": {
      "version": "7.0.1"
    },
    "mochawesome": {
      "options": {
        "quiet": false,
        "reportFilename": "mochawesome",
        "saveHtml": false,
        "saveJson": true,
        "consoleReporter": "spec",
        "useInlineDiffs": false,
        "code": true
      },
      "version": "7.1.3"
    },
    "marge": {
      "options": {
        "id": "default",
        "reportDir": "cypress/results/mochawesome",
        "quite": true,
        "overwrite": false,
        "html": false,
        "json": true
      },
      "version": "6.2.0"
    }
  }
}