{
  "stats": {
    "suites": 1,
    "tests": 2,
    "passes": 2,
    "pending": 0,
    "failures": 0,
    "start": "2024-07-24T18:50:32.785Z",
    "end": "2024-07-24T18:51:23.840Z",
    "duration": 51055,
    "testsRegistered": 2,
    "passPercent": 100,
    "pendingPercent": 0,
    "other": 0,
    "hasOther": false,
    "skipped": 0,
    "hasSkipped": false
  },
  "results": [
    {
      "uuid": "fa8210e8-c77c-40f1-bac3-20ce5f9633bc",
      "title": "",
      "fullFile": "cypress\\e2e\\04_Comments.cy.js",
      "file": "cypress\\e2e\\04_Comments.cy.js",
      "beforeHooks": [],
      "afterHooks": [],
      "tests": [],
      "suites": [
        {
          "uuid": "d3f3ef3b-f47f-4410-9d5e-d9270fdb4309",
          "title": "Comments",
          "fullFile": "",
          "file": "",
          "beforeHooks": [],
          "afterHooks": [],
          "tests": [
            {
              "title": "Add and Check Comments",
              "fullTitle": "Comments Add and Check Comments",
              "timedOut": null,
              "duration": 29829,
              "state": "passed",
              "speed": "slow",
              "pass": true,
              "fail": false,
              "pending": false,
              "context": null,
              "code": "clientDetails.openCommentModal();\nclientDetails.addNote(commentValue1);\nclientDetails.sendNote();\ncy.wait(4000);\nclientDetails.openComments();\nclientDetails.assertComment(commentValue1);\nclientDetails.openCommentModal2();\nclientDetails.addNote(commentValue2);\nclientDetails.sendNote();\nclientDetails.assertComment(commentValue2);\nclientDetails.openSecondComment();\nclientDetails.assertSecondComment(commentValue1);\nclientDetails.closeModal();",
              "err": {},
              "uuid": "232380e8-ad08-4ae6-9440-64615a2dff89",
              "parentUUID": "d3f3ef3b-f47f-4410-9d5e-d9270fdb4309",
              "isHook": false,
              "skipped": false
            },
            {
              "title": "Check comments Again",
              "fullTitle": "Comments Check comments Again",
              "timedOut": null,
              "duration": 21079,
              "state": "passed",
              "speed": "slow",
              "pass": true,
              "fail": false,
              "pending": false,
              "context": null,
              "code": "clientDetails.openComments();\nclientDetails.assertComment(commentValue2);\n//clientDetails.assertComment(commentValue1) --> need to figure out selector",
              "err": {},
              "uuid": "7e5b40dc-218d-42c8-a95e-a52e30fa0c39",
              "parentUUID": "d3f3ef3b-f47f-4410-9d5e-d9270fdb4309",
              "isHook": false,
              "skipped": false
            }
          ],
          "suites": [],
          "passes": [
            "232380e8-ad08-4ae6-9440-64615a2dff89",
            "7e5b40dc-218d-42c8-a95e-a52e30fa0c39"
          ],
          "failures": [],
          "pending": [],
          "skipped": [],
          "duration": 50908,
          "root": false,
          "rootEmpty": false,
          "_timeout": 2000
        }
      ],
      "passes": [],
      "failures": [],
      "pending": [],
      "skipped": [],
      "duration": 0,
      "root": true,
      "rootEmpty": true,
      "_timeout": 2000
    }
  ],
  "meta": {
    "mocha": {
      "version": "7.0.1"
    },
    "mochawesome": {
      "options": {
        "quiet": false,
        "reportFilename": "mochawesome",
        "saveHtml": false,
        "saveJson": true,
        "consoleReporter": "spec",
        "useInlineDiffs": false,
        "code": true
      },
      "version": "7.1.3"
    },
    "marge": {
      "options": {
        "id": "default",
        "reportDir": "cypress/results/mochawesome",
        "quite": true,
        "overwrite": false,
        "html": false,
        "json": true
      },
      "version": "6.2.0"
    }
  }
}