{
  "stats": {
    "suites": 1,
    "tests": 2,
    "passes": 2,
    "pending": 0,
    "failures": 0,
    "start": "2024-07-24T18:49:10.198Z",
    "end": "2024-07-24T18:49:46.089Z",
    "duration": 35891,
    "testsRegistered": 2,
    "passPercent": 100,
    "pendingPercent": 0,
    "other": 0,
    "hasOther": false,
    "skipped": 0,
    "hasSkipped": false
  },
  "results": [
    {
      "uuid": "f6afd7b5-5e3f-4355-bd77-e37748c0f7b9",
      "title": "",
      "fullFile": "cypress\\e2e\\02_ClientCreation.spec.cy.js",
      "file": "cypress\\e2e\\02_ClientCreation.spec.cy.js",
      "beforeHooks": [],
      "afterHooks": [],
      "tests": [],
      "suites": [
        {
          "uuid": "f0f29cf3-fe3c-4c1e-b0b3-57eb74299a75",
          "title": "Client Creation",
          "fullFile": "",
          "file": "",
          "beforeHooks": [],
          "afterHooks": [],
          "tests": [
            {
              "title": "Create client",
              "fullTitle": "Client Creation Create client",
              "timedOut": null,
              "duration": 19441,
              "state": "passed",
              "speed": "slow",
              "pass": true,
              "fail": false,
              "pending": false,
              "context": null,
              "code": "homePage.clickNewClient();\nuserData = createClientForm.enterClientData('create');\ncy.writeFile('./cypress/fixtures/created-user-data.json', userData);\ncy.wait(4000);",
              "err": {},
              "uuid": "07ac4392-235b-4a7d-8276-1a06465e34e6",
              "parentUUID": "f0f29cf3-fe3c-4c1e-b0b3-57eb74299a75",
              "isHook": false,
              "skipped": false
            },
            {
              "title": "Check new client data",
              "fullTitle": "Client Creation Check new client data",
              "timedOut": null,
              "duration": 15653,
              "state": "passed",
              "speed": "slow",
              "pass": true,
              "fail": false,
              "pending": false,
              "context": null,
              "code": "homePage.goToAllClientsUrl();\nhomePage.selectFilterType('email');\nhomePage.enterSearchTerm(userData.email);\ncy.wait(4000);\nhomePage.selectClient();\nclientDetails.assertNewClientData(userData);",
              "err": {},
              "uuid": "7750ae3a-c4c2-4c4e-bf7f-cb06c30e8639",
              "parentUUID": "f0f29cf3-fe3c-4c1e-b0b3-57eb74299a75",
              "isHook": false,
              "skipped": false
            }
          ],
          "suites": [],
          "passes": [
            "07ac4392-235b-4a7d-8276-1a06465e34e6",
            "7750ae3a-c4c2-4c4e-bf7f-cb06c30e8639"
          ],
          "failures": [],
          "pending": [],
          "skipped": [],
          "duration": 35094,
          "root": false,
          "rootEmpty": false,
          "_timeout": 2000
        }
      ],
      "passes": [],
      "failures": [],
      "pending": [],
      "skipped": [],
      "duration": 0,
      "root": true,
      "rootEmpty": true,
      "_timeout": 2000
    }
  ],
  "meta": {
    "mocha": {
      "version": "7.0.1"
    },
    "mochawesome": {
      "options": {
        "quiet": false,
        "reportFilename": "mochawesome",
        "saveHtml": false,
        "saveJson": true,
        "consoleReporter": "spec",
        "useInlineDiffs": false,
        "code": true
      },
      "version": "7.1.3"
    },
    "marge": {
      "options": {
        "id": "default",
        "reportDir": "cypress/results/mochawesome",
        "quite": true,
        "overwrite": false,
        "html": false,
        "json": true
      },
      "version": "6.2.0"
    }
  }
}